Time:2024-07-15 13:21:24
llama2_syn server has been checked.Status:normal
{'tcm_syndrome': '痰瘀互结证', 'syn_results': [{'name': '痰瘀互结证', 'pv': '1.0000'}, {'name': '痰热阻肺证', 'pv': '0.9449'}, {'name': '痰气交阻证', 'pv': '0.9303'}], 'msg': 'ok'}
第1条Execution time: 0.5323226451873779

Time:2024-07-15 13:23:05
face_dia server has been checked.Status:normal
using time: 0.904
[0.9516377235926355, 0.7180878088955371, 0.9384060051002826, 1.0515371689628947, 0.700458117754439, 0.8460296460705847, 1.0395777465654972, 0.8311183041384764]
本次共测试1张人脸图片，其中成功处理图片共1张，面色分类预测正确图片共0张。

Time:2024-07-15 13:24:45
tong_dia server has been checked.Status:normal
dict_keys(['msg', 'img1', 'img2', 'tong_dia', 'tong_color', 'tong_shape', 'tong_color2', 'color_space', 'color_hist'])
淡红舌,白苔,薄苔
[{'name': '淡红舌', 'pv': '82.54'}]
[{'name': '薄苔', 'pv': '81.26'}]
[{'name': '白苔', 'pv': '69.57'}]
[{'RGB_Space_mean': [160.41881104575967, 116.93048402890483, 127.41326638321829], 'RGB_Space_std': [49.55868010083212, 41.65441210433635, 44.50826476775775], 'RGB_Space_distance': [0.925033731591993, 0.7729816629668077, 0.9688062598178159, 0.9254013552205552, 0.8248629072531443, 0.7734215635369657, 0.9691572796627069, 0.8252751537657864], 'RGB_Space_KS-p': [0.36943778779372005, 0.3920750725809973, 0.37579311917094027], 'LAB_Space_mean': [135.63695020351452, 143.10736247631723, 129.19688969376958], 'LAB_Space_std': [45.09119085173479, 10.302040351542, 2.8236772313867333], 'LAB_Space_distance': [0.9244338917286571, 0.8892461992576205, 0.8556677708595946, 0.9172072183546787, 0.8175256062077573, 0.8817311745194564, 0.8478551735486223, 0.8093449067182036], 'LAB_Space_KS-p': [0.35290180709989694, 0.7232202746357355, 0.8378590290744982]}]
ok
using time:1.613

Time:2024-07-15 13:26:26
tong_seg server has been checked.Status:normal
end_time - start_time = 0.24007534980773926
ok
process ending!
processing one image ending!

Time:2024-07-15 13:28:06
llama2_dis server has been checked.Status:normal
{'tcm_disease': '内科癌病', 'dis_results': [{'name': '内科癌病', 'pv': '1.0000'}, {'name': '积聚病', 'pv': '0.9224'}, {'name': '直肠恶性肿瘤', 'pv': '0.9003'}], 'msg': 'ok'}
第1条有using time:  0.5594446659088135

Time:2024-07-15 13:29:47
llama2_drug server has been checked.Status:normal
{'tcm_drugs': '山慈菇15g, 燀桃仁10g, 浙贝母15g, 苦杏仁10g, 蒲公英15g, 醋莪术15g, 甘草片6g, 白术15g, 茯苓25g, 玄参15g, 半枝莲30g, 龙葵30g, 肿节风30g, 猫爪草30g, 桔梗10g, 壁虎6g, 炒僵蚕10g, 甘草泡地龙10g', 'msg': 'ok', 'drug_results': [{'name': '山慈菇', 'dv': '15.0g'}, {'name': '燀桃仁', 'dv': '10.0g'}, {'name': '浙贝母', 'dv': '15.0g'}, {'name': '苦杏仁', 'dv': '10.0g'}, {'name': '蒲公英', 'dv': '15.0g'}, {'name': '醋莪术', 'dv': '15.0g'}, {'name': '甘草片', 'dv': '6.0g'}, {'name': '白术', 'dv': '15.0g'}, {'name': '茯苓', 'dv': '25.0g'}, {'name': '玄参', 'dv': '15.0g'}, {'name': '半枝莲', 'dv': '30.0g'}, {'name': '龙葵', 'dv': '30.0g'}, {'name': '肿节风', 'dv': '30.0g'}, {'name': '猫爪草', 'dv': '30.0g'}, {'name': '桔梗', 'dv': '10.0g'}, {'name': '壁虎', 'dv': '6.0g'}, {'name': '炒僵蚕', 'dv': '10.0g'}, {'name': '甘草泡地龙', 'dv': '10.0g'}]}
Execution time: 6.9168384075164795

Time:2024-07-15 13:31:28
llama2_syn server has been checked.Status:normal
{'tcm_syndrome': '气阴两虚证', 'syn_results': [{'name': '气阴两虚证', 'pv': '1.0000'}, {'name': '气血两亏证', 'pv': '0.9449'}, {'name': '气虚血瘀证', 'pv': '0.9383'}], 'msg': 'ok'}
第1条Execution time: 0.46403956413269043

Time:2024-07-15 13:33:09
face_dia server has been checked.Status:normal
using time: 0.902
[0.9516377235926355, 0.7180878088955371, 0.9384060051002826, 1.0515371689628947, 0.700458117754439, 0.8460296460705847, 1.0395777465654972, 0.8311183041384764]
本次共测试1张人脸图片，其中成功处理图片共1张，面色分类预测正确图片共0张。

Time:2024-07-15 13:34:49
tong_dia server has been checked.Status:normal
dict_keys(['msg', 'img1', 'img2', 'tong_dia', 'tong_color', 'tong_shape', 'tong_color2', 'color_space', 'color_hist'])
淡红舌,白苔,薄苔
[{'name': '淡红舌', 'pv': '82.54'}]
[{'name': '薄苔', 'pv': '81.26'}]
[{'name': '白苔', 'pv': '69.57'}]
[{'RGB_Space_mean': [160.41881104575967, 116.93048402890483, 127.41326638321829], 'RGB_Space_std': [49.55868010083212, 41.65441210433635, 44.50826476775775], 'RGB_Space_distance': [0.925033731591993, 0.7729816629668077, 0.9688062598178159, 0.9254013552205552, 0.8248629072531443, 0.7734215635369657, 0.9691572796627069, 0.8252751537657864], 'RGB_Space_KS-p': [0.36943778779372005, 0.3920750725809973, 0.37579311917094027], 'LAB_Space_mean': [135.63695020351452, 143.10736247631723, 129.19688969376958], 'LAB_Space_std': [45.09119085173479, 10.302040351542, 2.8236772313867333], 'LAB_Space_distance': [0.9244338917286571, 0.8892461992576205, 0.8556677708595946, 0.9172072183546787, 0.8175256062077573, 0.8817311745194564, 0.8478551735486223, 0.8093449067182036], 'LAB_Space_KS-p': [0.35290180709989694, 0.7232202746357355, 0.8378590290744982]}]
ok
using time:1.614

Time:2024-07-15 13:36:30
tong_seg server has been checked.Status:normal
end_time - start_time = 0.23928523063659668
ok
process ending!
processing one image ending!

Time:2024-07-15 13:38:10
llama2_dis server has been checked.Status:normal
{'tcm_disease': '消渴病', 'dis_results': [{'name': '消渴病', 'pv': '1.0000'}, {'name': '消渴病', 'pv': '0.6867'}, {'name': '消渴病', 'pv': '0.6006'}], 'msg': 'ok'}
第1条有using time:  0.9888308048248291

Time:2024-07-15 13:39:51
llama2_drug server has been checked.Status:normal
{'tcm_drugs': '山慈菇15g, 白芷15g, 苦参10g, 甜叶菊1g, 酒女贞子20g, 墨旱莲20g, 猫爪草15g, 炒僵蚕10g, 甘草片6g, 半枝莲15g, 龙葵15g, 肿节风15g, 南方红豆杉1包, 桔梗10g, 玄参15g, 牛蒡子15g, 炒酸枣仁20g', 'msg': 'ok', 'drug_results': [{'name': '山慈菇', 'dv': '15.0g'}, {'name': '白芷', 'dv': '15.0g'}, {'name': '苦参', 'dv': '10.0g'}, {'name': '甜叶菊', 'dv': '1.0g'}, {'name': '酒女贞子', 'dv': '20.0g'}, {'name': '墨旱莲', 'dv': '20.0g'}, {'name': '猫爪草', 'dv': '15.0g'}, {'name': '炒僵蚕', 'dv': '10.0g'}, {'name': '甘草片', 'dv': '6.0g'}, {'name': '半枝莲', 'dv': '15.0g'}, {'name': '龙葵', 'dv': '15.0g'}, {'name': '肿节风', 'dv': '15.0g'}, {'name': '南方红豆杉', 'dv': '1.0包'}, {'name': '桔梗', 'dv': '10.0g'}, {'name': '玄参', 'dv': '15.0g'}, {'name': '牛蒡子', 'dv': '15.0g'}, {'name': '炒酸枣仁', 'dv': '20.0g'}]}
Execution time: 6.339905023574829

Time:2024-07-15 13:41:32
llama2_syn server has been checked.Status:normal
{'tcm_syndrome': '肺脾气虚证', 'syn_results': [{'name': '肺脾气虚证', 'pv': '1.0000'}, {'name': '肺脾两虚证', 'pv': '0.9271'}, {'name': '痰热阻肺证', 'pv': '0.9244'}], 'msg': 'ok'}
第1条Execution time: 0.4568769931793213

Time:2024-07-15 13:43:12
face_dia server has been checked.Status:normal
using time: 0.902
[0.9516377235926355, 0.7180878088955371, 0.9384060051002826, 1.0515371689628947, 0.700458117754439, 0.8460296460705847, 1.0395777465654972, 0.8311183041384764]
本次共测试1张人脸图片，其中成功处理图片共1张，面色分类预测正确图片共0张。

Time:2024-07-15 13:44:53
tong_dia server has been checked.Status:normal
dict_keys(['msg', 'img1', 'img2', 'tong_dia', 'tong_color', 'tong_shape', 'tong_color2', 'color_space', 'color_hist'])
淡红舌,白苔,薄苔
[{'name': '淡红舌', 'pv': '82.54'}]
[{'name': '薄苔', 'pv': '81.26'}]
[{'name': '白苔', 'pv': '69.57'}]
[{'RGB_Space_mean': [160.41881104575967, 116.93048402890483, 127.41326638321829], 'RGB_Space_std': [49.55868010083212, 41.65441210433635, 44.50826476775775], 'RGB_Space_distance': [0.925033731591993, 0.7729816629668077, 0.9688062598178159, 0.9254013552205552, 0.8248629072531443, 0.7734215635369657, 0.9691572796627069, 0.8252751537657864], 'RGB_Space_KS-p': [0.36943778779372005, 0.3920750725809973, 0.37579311917094027], 'LAB_Space_mean': [135.63695020351452, 143.10736247631723, 129.19688969376958], 'LAB_Space_std': [45.09119085173479, 10.302040351542, 2.8236772313867333], 'LAB_Space_distance': [0.9244338917286571, 0.8892461992576205, 0.8556677708595946, 0.9172072183546787, 0.8175256062077573, 0.8817311745194564, 0.8478551735486223, 0.8093449067182036], 'LAB_Space_KS-p': [0.35290180709989694, 0.7232202746357355, 0.8378590290744982]}]
ok
using time:1.615

Time:2024-07-15 13:46:34
tong_seg server has been checked.Status:normal
end_time - start_time = 0.23931217193603516
ok
process ending!
processing one image ending!

Time:2024-07-15 13:48:14
llama2_dis server has been checked.Status:normal
{'tcm_disease': '积聚病', 'dis_results': [{'name': '积聚病', 'pv': '1.0000'}, {'name': '直肠恶性肿瘤', 'pv': '0.9007'}, {'name': '泄泻病', 'pv': '0.8835'}], 'msg': 'ok'}
第1条有using time:  0.5866913795471191

Time:2024-07-15 13:49:55
llama2_drug server has been checked.Status:normal
{'tcm_drugs': '山慈菇15g, 炒僵蚕10g, 壁虎6g, 醋莪术15g, 预知子15g, 麸炒枳壳15g, 重楼10g, 仙鹤草30g, 瓜蒌皮15g, 甘草片6g, 半枝莲15g, 龙葵15g, 肿节风15g, 预知子15g, 土鳖虫6g, 燀桃仁10g, 秦艽15g, 威灵仙15g', 'msg': 'ok', 'drug_results': [{'name': '山慈菇', 'dv': '15.0g'}, {'name': '炒僵蚕', 'dv': '10.0g'}, {'name': '壁虎', 'dv': '6.0g'}, {'name': '醋莪术', 'dv': '15.0g'}, {'name': '预知子', 'dv': '15.0g'}, {'name': '麸炒枳壳', 'dv': '15.0g'}, {'name': '重楼', 'dv': '10.0g'}, {'name': '仙鹤草', 'dv': '30.0g'}, {'name': '瓜蒌皮', 'dv': '15.0g'}, {'name': '甘草片', 'dv': '6.0g'}, {'name': '半枝莲', 'dv': '15.0g'}, {'name': '龙葵', 'dv': '15.0g'}, {'name': '肿节风', 'dv': '15.0g'}, {'name': '预知子', 'dv': '15.0g'}, {'name': '土鳖虫', 'dv': '6.0g'}, {'name': '燀桃仁', 'dv': '10.0g'}, {'name': '秦艽', 'dv': '15.0g'}, {'name': '威灵仙', 'dv': '15.0g'}]}
Execution time: 6.8316872119903564

Time:2024-07-15 13:51:36
llama2_syn server has been checked.Status:normal
{'tcm_syndrome': '气血两亏证', 'syn_results': [{'name': '气血两亏证', 'pv': '1.0000'}, {'name': '气虚血瘀证', 'pv': '0.9676'}, {'name': '脾虚痰湿证', 'pv': '0.9652'}], 'msg': 'ok'}
第1条Execution time: 0.511573314666748

Time:2024-07-15 13:53:16
face_dia server has been checked.Status:normal
using time: 0.904
[0.9516377235926355, 0.7180878088955371, 0.9384060051002826, 1.0515371689628947, 0.700458117754439, 0.8460296460705847, 1.0395777465654972, 0.8311183041384764]
本次共测试1张人脸图片，其中成功处理图片共1张，面色分类预测正确图片共0张。

Time:2024-07-15 13:54:57
tong_dia server has been checked.Status:normal
dict_keys(['msg', 'img1', 'img2', 'tong_dia', 'tong_color', 'tong_shape', 'tong_color2', 'color_space', 'color_hist'])
淡红舌,白苔,薄苔
[{'name': '淡红舌', 'pv': '82.54'}]
[{'name': '薄苔', 'pv': '81.26'}]
[{'name': '白苔', 'pv': '69.57'}]
[{'RGB_Space_mean': [160.41881104575967, 116.93048402890483, 127.41326638321829], 'RGB_Space_std': [49.55868010083212, 41.65441210433635, 44.50826476775775], 'RGB_Space_distance': [0.925033731591993, 0.7729816629668077, 0.9688062598178159, 0.9254013552205552, 0.8248629072531443, 0.7734215635369657, 0.9691572796627069, 0.8252751537657864], 'RGB_Space_KS-p': [0.36943778779372005, 0.3920750725809973, 0.37579311917094027], 'LAB_Space_mean': [135.63695020351452, 143.10736247631723, 129.19688969376958], 'LAB_Space_std': [45.09119085173479, 10.302040351542, 2.8236772313867333], 'LAB_Space_distance': [0.9244338917286571, 0.8892461992576205, 0.8556677708595946, 0.9172072183546787, 0.8175256062077573, 0.8817311745194564, 0.8478551735486223, 0.8093449067182036], 'LAB_Space_KS-p': [0.35290180709989694, 0.7232202746357355, 0.8378590290744982]}]
ok
using time:1.619

Time:2024-07-15 13:56:38
tong_seg server has been checked.Status:normal
end_time - start_time = 0.2417469024658203
ok
process ending!
processing one image ending!

Time:2024-07-15 13:58:18
llama2_dis server has been checked.Status:normal
{'tcm_disease': '内科癌病', 'dis_results': [{'name': '内科癌病', 'pv': '1.0000'}, {'name': '积聚病', 'pv': '0.9380'}, {'name': '虚劳病', 'pv': '0.8801'}], 'msg': 'ok'}
第1条有using time:  0.46212339401245117

Time:2024-07-15 13:59:59
llama2_drug server has been checked.Status:normal
{'tcm_drugs': '山慈菇15g, 地榆15g, 槐花15g, 醋鳖甲20g, 酒女贞子20g, 墨旱莲20g, 甘草片6g, 炒酸枣仁20g, 仙鹤草30g, 泽泻15g, 龙葵15g, 肿节风15g, 土鳖虫6g, 燀桃仁10g, 甘草泡地龙10g, 鸡血藤30g, 桔梗10g, 牡丹皮15g', 'msg': 'ok', 'drug_results': [{'name': '山慈菇', 'dv': '15.0g'}, {'name': '地榆', 'dv': '15.0g'}, {'name': '槐花', 'dv': '15.0g'}, {'name': '醋鳖甲', 'dv': '20.0g'}, {'name': '酒女贞子', 'dv': '20.0g'}, {'name': '墨旱莲', 'dv': '20.0g'}, {'name': '甘草片', 'dv': '6.0g'}, {'name': '炒酸枣仁', 'dv': '20.0g'}, {'name': '仙鹤草', 'dv': '30.0g'}, {'name': '泽泻', 'dv': '15.0g'}, {'name': '龙葵', 'dv': '15.0g'}, {'name': '肿节风', 'dv': '15.0g'}, {'name': '土鳖虫', 'dv': '6.0g'}, {'name': '燀桃仁', 'dv': '10.0g'}, {'name': '甘草泡地龙', 'dv': '10.0g'}, {'name': '鸡血藤', 'dv': '30.0g'}, {'name': '桔梗', 'dv': '10.0g'}, {'name': '牡丹皮', 'dv': '15.0g'}]}
Execution time: 6.939751386642456

Time:2024-07-15 14:01:40
llama2_syn server has been checked.Status:normal
{'tcm_syndrome': '痰瘀互结证', 'syn_results': [{'name': '痰瘀互结证', 'pv': '1.0000'}, {'name': '瘀毒蕴结证', 'pv': '0.9174'}, {'name': '脾虚湿困证', 'pv': '0.9019'}], 'msg': 'ok'}
第1条Execution time: 0.44849252700805664

Time:2024-07-15 14:03:21
face_dia server has been checked.Status:normal
using time: 0.903
[0.9516377235926355, 0.7180878088955371, 0.9384060051002826, 1.0515371689628947, 0.700458117754439, 0.8460296460705847, 1.0395777465654972, 0.8311183041384764]
本次共测试1张人脸图片，其中成功处理图片共1张，面色分类预测正确图片共0张。

Time:2024-07-15 14:05:02
tong_dia server has been checked.Status:normal
dict_keys(['msg', 'img1', 'img2', 'tong_dia', 'tong_color', 'tong_shape', 'tong_color2', 'color_space', 'color_hist'])
淡红舌,白苔,薄苔
[{'name': '淡红舌', 'pv': '82.54'}]
[{'name': '薄苔', 'pv': '81.26'}]
[{'name': '白苔', 'pv': '69.57'}]
[{'RGB_Space_mean': [160.41881104575967, 116.93048402890483, 127.41326638321829], 'RGB_Space_std': [49.55868010083212, 41.65441210433635, 44.50826476775775], 'RGB_Space_distance': [0.925033731591993, 0.7729816629668077, 0.9688062598178159, 0.9254013552205552, 0.8248629072531443, 0.7734215635369657, 0.9691572796627069, 0.8252751537657864], 'RGB_Space_KS-p': [0.36943778779372005, 0.3920750725809973, 0.37579311917094027], 'LAB_Space_mean': [135.63695020351452, 143.10736247631723, 129.19688969376958], 'LAB_Space_std': [45.09119085173479, 10.302040351542, 2.8236772313867333], 'LAB_Space_distance': [0.9244338917286571, 0.8892461992576205, 0.8556677708595946, 0.9172072183546787, 0.8175256062077573, 0.8817311745194564, 0.8478551735486223, 0.8093449067182036], 'LAB_Space_KS-p': [0.35290180709989694, 0.7232202746357355, 0.8378590290744982]}]
ok
using time:1.610

Time:2024-07-15 14:06:42
tong_seg server has been checked.Status:normal
end_time - start_time = 0.239579439163208
ok
process ending!
processing one image ending!

Time:2024-07-15 14:08:23
llama2_dis server has been checked.Status:normal
{'tcm_disease': '内科癌病', 'dis_results': [{'name': '内科癌病', 'pv': '1.0000'}, {'name': '积聚病', 'pv': '0.9481'}, {'name': '乳癌病', 'pv': '0.9333'}], 'msg': 'ok'}
第1条有using time:  0.46316099166870117

Time:2024-07-15 14:10:03
llama2_drug server has been checked.Status:normal
{'tcm_drugs': '山慈菇15g, 预知子15g, 土鳖虫6g, 燀桃仁10g, 化橘红10g, 党参片30g, 白术15g, 茯苓25g, 甘草片6g, 炒酸枣仁20g, 半枝莲15g, 龙葵15g, 肿节风15g, 南方红豆杉1包, 壁虎6g, 炒僵蚕10g, 甘草泡地龙10g, 桔梗10g', 'msg': 'ok', 'drug_results': [{'name': '山慈菇', 'dv': '15.0g'}, {'name': '预知子', 'dv': '15.0g'}, {'name': '土鳖虫', 'dv': '6.0g'}, {'name': '燀桃仁', 'dv': '10.0g'}, {'name': '化橘红', 'dv': '10.0g'}, {'name': '党参片', 'dv': '30.0g'}, {'name': '白术', 'dv': '15.0g'}, {'name': '茯苓', 'dv': '25.0g'}, {'name': '甘草片', 'dv': '6.0g'}, {'name': '炒酸枣仁', 'dv': '20.0g'}, {'name': '半枝莲', 'dv': '15.0g'}, {'name': '龙葵', 'dv': '15.0g'}, {'name': '肿节风', 'dv': '15.0g'}, {'name': '南方红豆杉', 'dv': '1.0包'}, {'name': '壁虎', 'dv': '6.0g'}, {'name': '炒僵蚕', 'dv': '10.0g'}, {'name': '甘草泡地龙', 'dv': '10.0g'}, {'name': '桔梗', 'dv': '10.0g'}]}
Execution time: 6.915985822677612

Time:2024-07-15 14:11:44
llama2_syn server has been checked.Status:normal
{'tcm_syndrome': '痰湿蕴结证', 'syn_results': [{'name': '痰湿蕴结证', 'pv': '0.9970'}, {'name': '瘀毒蕴结证', 'pv': '0.9895'}, {'name': '痰湿内阻证', 'pv': '0.9809'}], 'msg': 'ok'}
第1条Execution time: 0.4855496883392334

Time:2024-07-15 14:13:25
face_dia server has been checked.Status:normal
using time: 0.901
[0.9516377235926355, 0.7180878088955371, 0.9384060051002826, 1.0515371689628947, 0.700458117754439, 0.8460296460705847, 1.0395777465654972, 0.8311183041384764]
本次共测试1张人脸图片，其中成功处理图片共1张，面色分类预测正确图片共0张。

Time:2024-07-15 14:15:06
tong_dia server has been checked.Status:normal
dict_keys(['msg', 'img1', 'img2', 'tong_dia', 'tong_color', 'tong_shape', 'tong_color2', 'color_space', 'color_hist'])
淡红舌,白苔,薄苔
[{'name': '淡红舌', 'pv': '82.54'}]
[{'name': '薄苔', 'pv': '81.26'}]
[{'name': '白苔', 'pv': '69.57'}]
[{'RGB_Space_mean': [160.41881104575967, 116.93048402890483, 127.41326638321829], 'RGB_Space_std': [49.55868010083212, 41.65441210433635, 44.50826476775775], 'RGB_Space_distance': [0.925033731591993, 0.7729816629668077, 0.9688062598178159, 0.9254013552205552, 0.8248629072531443, 0.7734215635369657, 0.9691572796627069, 0.8252751537657864], 'RGB_Space_KS-p': [0.36943778779372005, 0.3920750725809973, 0.37579311917094027], 'LAB_Space_mean': [135.63695020351452, 143.10736247631723, 129.19688969376958], 'LAB_Space_std': [45.09119085173479, 10.302040351542, 2.8236772313867333], 'LAB_Space_distance': [0.9244338917286571, 0.8892461992576205, 0.8556677708595946, 0.9172072183546787, 0.8175256062077573, 0.8817311745194564, 0.8478551735486223, 0.8093449067182036], 'LAB_Space_KS-p': [0.35290180709989694, 0.7232202746357355, 0.8378590290744982]}]
ok
using time:1.630

Time:2024-07-15 14:16:47
tong_seg server has been checked.Status:normal
end_time - start_time = 0.24069976806640625
ok
process ending!
processing one image ending!

Time:2024-07-15 14:18:27
llama2_dis server has been checked.Status:normal
{'tcm_disease': '积聚病', 'dis_results': [{'name': '积聚病', 'pv': '1.0000'}, {'name': '内科癌病', 'pv': '0.9135'}, {'name': '内科瘤病', 'pv': '0.8790'}], 'msg': 'ok'}
第1条有using time:  0.5793046951293945

Time:2024-07-15 14:20:08
llama2_drug server has been checked.Status:normal
{'tcm_drugs': '山慈菇15g, 白英15g, 党参片25g, 白术15g, 茯苓25g, 当归10g, 川芎10g, 醋鳖甲20g, 酒女贞子20g, 墨旱莲20g, 龙葵15g, 土鳖虫6g, 燀桃仁10g, 醋莪术15g, 甘草片6g, 炒酸枣仁20g, 麦冬15g, 太子参30g', 'msg': 'ok', 'drug_results': [{'name': '山慈菇', 'dv': '15.0g'}, {'name': '白英', 'dv': '15.0g'}, {'name': '党参片', 'dv': '25.0g'}, {'name': '白术', 'dv': '15.0g'}, {'name': '茯苓', 'dv': '25.0g'}, {'name': '当归', 'dv': '10.0g'}, {'name': '川芎', 'dv': '10.0g'}, {'name': '醋鳖甲', 'dv': '20.0g'}, {'name': '酒女贞子', 'dv': '20.0g'}, {'name': '墨旱莲', 'dv': '20.0g'}, {'name': '龙葵', 'dv': '15.0g'}, {'name': '土鳖虫', 'dv': '6.0g'}, {'name': '燀桃仁', 'dv': '10.0g'}, {'name': '醋莪术', 'dv': '15.0g'}, {'name': '甘草片', 'dv': '6.0g'}, {'name': '炒酸枣仁', 'dv': '20.0g'}, {'name': '麦冬', 'dv': '15.0g'}, {'name': '太子参', 'dv': '30.0g'}]}
Execution time: 6.826697111129761

